<?xml version="1.0" encoding="UTF-8"?>
<!-- Generated by org.testng.reporters.JUnitReportReporter -->
<testsuite skipped="0" hostname="DESKTOP-P8GB3II" name="testCases.OpenBrowser" tests="1" failures="0" timestamp="17 Feb 2018 13:08:52 GMT" time="9.864" errors="0">
  <testcase name="OpenBrowserTesting" time="9.864" classname="testCases.OpenBrowser"/>
</testsuite> <!-- testCases.OpenBrowser -->
