<?xml version="1.0" encoding="UTF-8"?>
<!-- Generated by org.testng.reporters.JUnitReportReporter -->
<testsuite skipped="2" hostname="DESKTOP-9CT65DP" name="testCases.Allmediany_SignUpPage_Test" tests="5" failures="0" timestamp="20 May 2018 15:20:31 GMT" time="38.222" errors="0">
  <testcase name="Allmediany_SignUpPage_TestCase" time="0.622" classname="testCases.Allmediany_SignUpPage_Test">
    <skipped/>
  </testcase> <!-- Allmediany_SignUpPage_TestCase -->
  <testcase name="Allmediany_SignUpPage_TestCase" time="11.532" classname="testCases.Allmediany_SignUpPage_Test"/>
  <testcase name="Allmediany_SignUpPage_TestCase" time="13.903" classname="testCases.Allmediany_SignUpPage_Test"/>
  <testcase name="Allmediany_SignUpPage_TestCase" time="0.610" classname="testCases.Allmediany_SignUpPage_Test">
    <skipped/>
  </testcase> <!-- Allmediany_SignUpPage_TestCase -->
  <testcase name="Allmediany_SignUpPage_TestCase" time="11.555" classname="testCases.Allmediany_SignUpPage_Test"/>
</testsuite> <!-- testCases.Allmediany_SignUpPage_Test -->
