<?xml version="1.0" encoding="UTF-8"?>
<!-- Generated by org.testng.reporters.JUnitReportReporter -->
<testsuite skipped="2" hostname="DESKTOP-9CT65DP" name="testCases.Testing2" tests="4" failures="0" timestamp="26 Apr 2018 03:26:28 GMT" time="31.817" errors="0">
  <testcase name="SampleTest" time="17.997" classname="testCases.Testing2"/>
  <testcase name="SampleTest" time="0.005" classname="testCases.Testing2">
    <skipped/>
  </testcase> <!-- SampleTest -->
  <testcase name="SampleTest" time="13.809" classname="testCases.Testing2"/>
  <testcase name="SampleTest" time="0.006" classname="testCases.Testing2">
    <skipped/>
  </testcase> <!-- SampleTest -->
</testsuite> <!-- testCases.Testing2 -->
