<?xml version="1.0" encoding="UTF-8"?>
<!-- Generated by org.testng.reporters.JUnitReportReporter -->
<testsuite skipped="4" hostname="DESKTOP-9CT65DP" name="testCases.ExtentReportsClass" tests="5" failures="0" timestamp="08 Apr 2018 05:25:19 GMT" time="12.540" errors="0">
  <testcase name="SampleTest" time="0.005" classname="testCases.ExtentReportsClass">
    <skipped/>
  </testcase> <!-- SampleTest -->
  <testcase name="SampleTest" time="0.003" classname="testCases.ExtentReportsClass">
    <skipped/>
  </testcase> <!-- SampleTest -->
  <testcase name="SampleTest" time="0.019" classname="testCases.ExtentReportsClass">
    <skipped/>
  </testcase> <!-- SampleTest -->
  <testcase name="SampleTest" time="12.508" classname="testCases.ExtentReportsClass"/>
  <testcase name="SampleTest" time="0.005" classname="testCases.ExtentReportsClass">
    <skipped/>
  </testcase> <!-- SampleTest -->
</testsuite> <!-- testCases.ExtentReportsClass -->
