<?xml version="1.0" encoding="UTF-8"?>
<!-- Generated by org.testng.reporters.JUnitReportReporter -->
<testsuite skipped="0" hostname="SYS-PC" name="testCases.UpdateNotificationSetting" tests="1" failures="0" timestamp="27 Feb 2018 16:55:31 GMT" time="197.283" errors="0">
  <testcase name="OpenBrowserTesting" time="197.283" classname="testCases.UpdateNotificationSetting"/>
</testsuite> <!-- testCases.UpdateNotificationSetting -->
